elite-arrows-android/app/build/intermediates/manifest_merge_blame_file/release/processReleaseMainManifest/manifest-merger-blame-release-report.txt
1<?xml version="1.0" encoding="utf-8"?>
2<manifest xmlns:android="http://schemas.android.com/apk/res/android"
3    package="com.elitearrows.app"
4    android:versionCode="2200"
5    android:versionName="22.0.0" >
6
7    <uses-sdk
7-->INJECTED
8        android:minSdkVersion="23"
8-->INJECTED
9        android:targetSdkVersion="35" />
9-->INJECTED
10
11    <uses-permission android:name="android.permission.INTERNET" />
11-->src\main\AndroidManifest.xml:6:5-67
11-->src\main\AndroidManifest.xml:6:22-64
12    <uses-permission android:name="android.permission.ACCESS_NETWORK_STATE" />
12-->src\main\AndroidManifest.xml:7:5-79
12-->src\main\AndroidManifest.xml:7:22-76
13    <uses-permission android:name="android.permission.POST_NOTIFICATIONS" />
13-->src\main\AndroidManifest.xml:8:5-77
13-->src\main\AndroidManifest.xml:8:22-74
14    <uses-permission android:name="com.google.android.gms.permission.AD_ID" />
14-->src\main\AndroidManifest.xml:9:5-79
14-->src\main\AndroidManifest.xml:9:22-76
15    <uses-permission android:name="android.permission.WAKE_LOCK" /> <!-- Required by older versions of Google Play services to create IID tokens -->
15-->[com.google.firebase:firebase-messaging:25.0.1] AndroidManifest.xml:24:5-68
15-->[com.google.firebase:firebase-messaging:25.0.1] AndroidManifest.xml:24:22-65
16    <uses-permission android:name="com.google.android.c2dm.permission.RECEIVE" />
16-->[com.google.firebase:firebase-messaging:25.0.1] AndroidManifest.xml:26:5-82
16-->[com.google.firebase:firebase-messaging:25.0.1] AndroidManifest.xml:26:22-79
17    <uses-permission android:name="com.google.android.finsky.permission.BIND_GET_INSTALL_REFERRER_SERVICE" />
17-->[com.google.android.gms:play-services-measurement:23.2.0] AndroidManifest.xml:26:5-110
17-->[com.google.android.gms:play-services-measurement:23.2.0] AndroidManifest.xml:26:22-107
18    <uses-permission android:name="android.permission.ACCESS_ADSERVICES_ATTRIBUTION" />
18-->[com.google.android.gms:play-services-measurement-api:23.2.0] AndroidManifest.xml:26:5-88
18-->[com.google.android.gms:play-services-measurement-api:23.2.0] AndroidManifest.xml:26:22-85
19    <uses-permission android:name="android.permission.ACCESS_ADSERVICES_AD_ID" />
19-->[com.google.android.gms:play-services-measurement-api:23.2.0] AndroidManifest.xml:27:5-82
19-->[com.google.android.gms:play-services-measurement-api:23.2.0] AndroidManifest.xml:27:22-79
20
21    <permission
21-->[androidx.core:core:1.15.0] AndroidManifest.xml:22:5-24:47
22        android:name="com.elitearrows.app.DYNAMIC_RECEIVER_NOT_EXPORTED_PERMISSION"
22-->[androidx.core:core:1.15.0] AndroidManifest.xml:23:9-81
23        android:protectionLevel="signature" />
23-->[androidx.core:core:1.15.0] AndroidManifest.xml:24:9-44
24
25    <uses-permission android:name="com.elitearrows.app.DYNAMIC_RECEIVER_NOT_EXPORTED_PERMISSION" />
25-->[androidx.core:core:1.15.0] AndroidManifest.xml:26:5-97
25-->[androidx.core:core:1.15.0] AndroidManifest.xml:26:22-94
26
27    <application
27-->src\main\AndroidManifest.xml:11:5-30:19
28        android:allowBackup="true"
28-->src\main\AndroidManifest.xml:12:9-35
29        android:appComponentFactory="androidx.core.app.CoreComponentFactory"
29-->[androidx.core:core:1.15.0] AndroidManifest.xml:28:18-86
30        android:extractNativeLibs="false"
30-->INJECTED
31        android:hardwareAccelerated="true"
31-->src\main\AndroidManifest.xml:18:9-43
32        android:icon="@mipmap/ic_launcher"
32-->src\main\AndroidManifest.xml:13:9-43
33        android:label="@string/app_name"
33-->src\main\AndroidManifest.xml:14:9-41
34        android:roundIcon="@mipmap/ic_launcher_round"
34-->src\main\AndroidManifest.xml:15:9-54
35        android:supportsRtl="true"
35-->src\main\AndroidManifest.xml:16:9-35
36        android:theme="@style/AppTheme" >
36-->src\main\AndroidManifest.xml:17:9-40
37        <activity
37-->src\main\AndroidManifest.xml:20:9-28:20
38            android:name="com.elitearrows.app.MainActivity"
38-->src\main\AndroidManifest.xml:21:13-41
39            android:configChanges="orientation|screenSize|smallestScreenSize|screenLayout|keyboardHidden"
39-->src\main\AndroidManifest.xml:22:13-106
40            android:exported="true" >
40-->src\main\AndroidManifest.xml:23:13-36
41            <intent-filter>
41-->src\main\AndroidManifest.xml:24:13-27:29
42                <action android:name="android.intent.action.MAIN" />
42-->src\main\AndroidManifest.xml:25:17-69
42-->src\main\AndroidManifest.xml:25:25-66
43
44                <category android:name="android.intent.category.LAUNCHER" />
44-->src\main\AndroidManifest.xml:26:17-77
44-->src\main\AndroidManifest.xml:26:27-74
45            </intent-filter>
46        </activity>
47
48        <receiver
48-->[com.google.firebase:firebase-messaging:25.0.1] AndroidManifest.xml:29:9-40:20
49            android:name="com.google.firebase.iid.FirebaseInstanceIdReceiver"
49-->[com.google.firebase:firebase-messaging:25.0.1] AndroidManifest.xml:30:13-78
50            android:exported="true"
50-->[com.google.firebase:firebase-messaging:25.0.1] AndroidManifest.xml:31:13-36
51            android:permission="com.google.android.c2dm.permission.SEND" >
51-->[com.google.firebase:firebase-messaging:25.0.1] AndroidManifest.xml:32:13-73
52            <intent-filter>
52-->[com.google.firebase:firebase-messaging:25.0.1] AndroidManifest.xml:33:13-35:29
53                <action android:name="com.google.android.c2dm.intent.RECEIVE" />
53-->[com.google.firebase:firebase-messaging:25.0.1] AndroidManifest.xml:34:17-81
53-->[com.google.firebase:firebase-messaging:25.0.1] AndroidManifest.xml:34:25-78
54            </intent-filter>
55
56            <meta-data
56-->[com.google.firebase:firebase-messaging:25.0.1] AndroidManifest.xml:37:13-39:40
57                android:name="com.google.android.gms.cloudmessaging.FINISHED_AFTER_HANDLED"
57-->[com.google.firebase:firebase-messaging:25.0.1] AndroidManifest.xml:38:17-92
58                android:value="true" />
58-->[com.google.firebase:firebase-messaging:25.0.1] AndroidManifest.xml:39:17-37
59        </receiver>
60        <!--
61             FirebaseMessagingService performs security checks at runtime,
62             but set to not exported to explicitly avoid allowing another app to call it.
63        -->
64        <service
64-->[com.google.firebase:firebase-messaging:25.0.1] AndroidManifest.xml:46:9-53:19
65            android:name="com.google.firebase.messaging.FirebaseMessagingService"
65-->[com.google.firebase:firebase-messaging:25.0.1] AndroidManifest.xml:47:13-82
66            android:directBootAware="true"
66-->[com.google.firebase:firebase-messaging:25.0.1] AndroidManifest.xml:48:13-43
67            android:exported="false" >
67-->[com.google.firebase:firebase-messaging:25.0.1] AndroidManifest.xml:49:13-37
68            <intent-filter android:priority="-500" >
68-->[com.google.firebase:firebase-messaging:25.0.1] AndroidManifest.xml:50:13-52:29
68-->[com.google.firebase:firebase-messaging:25.0.1] AndroidManifest.xml:50:28-51
69                <action android:name="com.google.firebase.MESSAGING_EVENT" />
69-->[com.google.firebase:firebase-messaging:25.0.1] AndroidManifest.xml:51:17-78
69-->[com.google.firebase:firebase-messaging:25.0.1] AndroidManifest.xml:51:25-75
70            </intent-filter>
71        </service>
72        <service
72-->[com.google.firebase:firebase-messaging:25.0.1] AndroidManifest.xml:54:9-63:19
73            android:name="com.google.firebase.components.ComponentDiscoveryService"
73-->[com.google.firebase:firebase-messaging:25.0.1] AndroidManifest.xml:55:13-84
74            android:directBootAware="true"
74-->[com.google.firebase:firebase-common:22.0.1] AndroidManifest.xml:32:13-43
75            android:exported="false" >
75-->[com.google.firebase:firebase-messaging:25.0.1] AndroidManifest.xml:56:13-37
76            <meta-data
76-->[com.google.firebase:firebase-messaging:25.0.1] AndroidManifest.xml:57:13-59:85
77                android:name="com.google.firebase.components:com.google.firebase.messaging.FirebaseMessagingKtxRegistrar"
77-->[com.google.firebase:firebase-messaging:25.0.1] AndroidManifest.xml:58:17-122
78                android:value="com.google.firebase.components.ComponentRegistrar" />
78-->[com.google.firebase:firebase-messaging:25.0.1] AndroidManifest.xml:59:17-82
79            <meta-data
79-->[com.google.firebase:firebase-messaging:25.0.1] AndroidManifest.xml:60:13-62:85
80                android:name="com.google.firebase.components:com.google.firebase.messaging.FirebaseMessagingRegistrar"
80-->[com.google.firebase:firebase-messaging:25.0.1] AndroidManifest.xml:61:17-119
81                android:value="com.google.firebase.components.ComponentRegistrar" />
81-->[com.google.firebase:firebase-messaging:25.0.1] AndroidManifest.xml:62:17-82
82            <meta-data
82-->[com.google.android.gms:play-services-measurement-api:23.2.0] AndroidManifest.xml:33:13-35:85
83                android:name="com.google.firebase.components:com.google.firebase.analytics.connector.internal.AnalyticsConnectorRegistrar"
83-->[com.google.android.gms:play-services-measurement-api:23.2.0] AndroidManifest.xml:34:17-139
84                android:value="com.google.firebase.components.ComponentRegistrar" />
84-->[com.google.android.gms:play-services-measurement-api:23.2.0] AndroidManifest.xml:35:17-82
85            <meta-data
85-->[com.google.firebase:firebase-installations:19.1.0] AndroidManifest.xml:15:13-17:85
86                android:name="com.google.firebase.components:com.google.firebase.installations.FirebaseInstallationsKtxRegistrar"
86-->[com.google.firebase:firebase-installations:19.1.0] AndroidManifest.xml:16:17-130
87                android:value="com.google.firebase.components.ComponentRegistrar" />
87-->[com.google.firebase:firebase-installations:19.1.0] AndroidManifest.xml:17:17-82
88            <meta-data
88-->[com.google.firebase:firebase-installations:19.1.0] AndroidManifest.xml:18:13-20:85
89                android:name="com.google.firebase.components:com.google.firebase.installations.FirebaseInstallationsRegistrar"
89-->[com.google.firebase:firebase-installations:19.1.0] AndroidManifest.xml:19:17-127
90                android:value="com.google.firebase.components.ComponentRegistrar" />
90-->[com.google.firebase:firebase-installations:19.1.0] AndroidManifest.xml:20:17-82
91            <meta-data
91-->[com.google.firebase:firebase-common:22.0.1] AndroidManifest.xml:35:13-37:85
92                android:name="com.google.firebase.components:com.google.firebase.FirebaseCommonKtxRegistrar"
92-->[com.google.firebase:firebase-common:22.0.1] AndroidManifest.xml:36:17-109
93                android:value="com.google.firebase.components.ComponentRegistrar" />
93-->[com.google.firebase:firebase-common:22.0.1] AndroidManifest.xml:37:17-82
94            <meta-data
94-->[com.google.firebase:firebase-datatransport:18.2.0] AndroidManifest.xml:25:13-27:85
95                android:name="com.google.firebase.components:com.google.firebase.datatransport.TransportRegistrar"
95-->[com.google.firebase:firebase-datatransport:18.2.0] AndroidManifest.xml:26:17-115
96                android:value="com.google.firebase.components.ComponentRegistrar" />
96-->[com.google.firebase:firebase-datatransport:18.2.0] AndroidManifest.xml:27:17-82
97        </service>
98
99        <receiver
99-->[com.google.android.gms:play-services-measurement:23.2.0] AndroidManifest.xml:29:9-33:20
100            android:name="com.google.android.gms.measurement.AppMeasurementReceiver"
100-->[com.google.android.gms:play-services-measurement:23.2.0] AndroidManifest.xml:30:13-85
101            android:enabled="true"
101-->[com.google.android.gms:play-services-measurement:23.2.0] AndroidManifest.xml:31:13-35
102            android:exported="false" >
102-->[com.google.android.gms:play-services-measurement:23.2.0] AndroidManifest.xml:32:13-37
103        </receiver>
104
105        <service
105-->[com.google.android.gms:play-services-measurement:23.2.0] AndroidManifest.xml:35:9-38:40
106            android:name="com.google.android.gms.measurement.AppMeasurementService"
106-->[com.google.android.gms:play-services-measurement:23.2.0] AndroidManifest.xml:36:13-84
107            android:enabled="true"
107-->[com.google.android.gms:play-services-measurement:23.2.0] AndroidManifest.xml:37:13-35
108            android:exported="false" />
108-->[com.google.android.gms:play-services-measurement:23.2.0] AndroidManifest.xml:38:13-37
109        <service
109-->[com.google.android.gms:play-services-measurement:23.2.0] AndroidManifest.xml:39:9-43:72
110            android:name="com.google.android.gms.measurement.AppMeasurementJobService"
110-->[com.google.android.gms:play-services-measurement:23.2.0] AndroidManifest.xml:40:13-87
111            android:enabled="true"
111-->[com.google.android.gms:play-services-measurement:23.2.0] AndroidManifest.xml:41:13-35
112            android:exported="false"
112-->[com.google.android.gms:play-services-measurement:23.2.0] AndroidManifest.xml:42:13-37
113            android:permission="android.permission.BIND_JOB_SERVICE" />
113-->[com.google.android.gms:play-services-measurement:23.2.0] AndroidManifest.xml:43:13-69
114
115        <provider
115-->[com.google.firebase:firebase-common:22.0.1] AndroidManifest.xml:23:9-28:39
116            android:name="com.google.firebase.provider.FirebaseInitProvider"
116-->[com.google.firebase:firebase-common:22.0.1] AndroidManifest.xml:24:13-77
117            android:authorities="com.elitearrows.app.firebaseinitprovider"
117-->[com.google.firebase:firebase-common:22.0.1] AndroidManifest.xml:25:13-72
118            android:directBootAware="true"
118-->[com.google.firebase:firebase-common:22.0.1] AndroidManifest.xml:26:13-43
119            android:exported="false"
119-->[com.google.firebase:firebase-common:22.0.1] AndroidManifest.xml:27:13-37
120            android:initOrder="100" />
120-->[com.google.firebase:firebase-common:22.0.1] AndroidManifest.xml:28:13-36
121
122        <uses-library
122-->[androidx.privacysandbox.ads:ads-adservices:1.1.0-beta11] AndroidManifest.xml:23:9-25:40
123            android:name="android.ext.adservices"
123-->[androidx.privacysandbox.ads:ads-adservices:1.1.0-beta11] AndroidManifest.xml:24:13-50
124            android:required="false" />
124-->[androidx.privacysandbox.ads:ads-adservices:1.1.0-beta11] AndroidManifest.xml:25:13-37
125
126        <provider
126-->[androidx.emoji2:emoji2:1.3.0] AndroidManifest.xml:24:9-32:20
127            android:name="androidx.startup.InitializationProvider"
127-->[androidx.emoji2:emoji2:1.3.0] AndroidManifest.xml:25:13-67
128            android:authorities="com.elitearrows.app.androidx-startup"
128-->[androidx.emoji2:emoji2:1.3.0] AndroidManifest.xml:26:13-68
129            android:exported="false" >
129-->[androidx.emoji2:emoji2:1.3.0] AndroidManifest.xml:27:13-37
130            <meta-data
130-->[androidx.emoji2:emoji2:1.3.0] AndroidManifest.xml:29:13-31:52
131                android:name="androidx.emoji2.text.EmojiCompatInitializer"
131-->[androidx.emoji2:emoji2:1.3.0] AndroidManifest.xml:30:17-75
132                android:value="androidx.startup" />
132-->[androidx.emoji2:emoji2:1.3.0] AndroidManifest.xml:31:17-49
133            <meta-data
133-->[androidx.lifecycle:lifecycle-process:2.6.2] AndroidManifest.xml:29:13-31:52
134                android:name="androidx.lifecycle.ProcessLifecycleInitializer"
134-->[androidx.lifecycle:lifecycle-process:2.6.2] AndroidManifest.xml:30:17-78
135                android:value="androidx.startup" />
135-->[androidx.lifecycle:lifecycle-process:2.6.2] AndroidManifest.xml:31:17-49
136            <meta-data
136-->[androidx.profileinstaller:profileinstaller:1.3.1] AndroidManifest.xml:29:13-31:52
137                android:name="androidx.profileinstaller.ProfileInstallerInitializer"
137-->[androidx.profileinstaller:profileinstaller:1.3.1] AndroidManifest.xml:30:17-85
138                android:value="androidx.startup" />
138-->[androidx.profileinstaller:profileinstaller:1.3.1] AndroidManifest.xml:31:17-49
139        </provider>
140
141        <activity
141-->[com.google.android.gms:play-services-base:18.5.0] AndroidManifest.xml:5:9-173
142            android:name="com.google.android.gms.common.api.GoogleApiActivity"
142-->[com.google.android.gms:play-services-base:18.5.0] AndroidManifest.xml:5:19-85
143            android:exported="false"
143-->[com.google.android.gms:play-services-base:18.5.0] AndroidManifest.xml:5:146-170
144            android:theme="@android:style/Theme.Translucent.NoTitleBar" />
144-->[com.google.android.gms:play-services-base:18.5.0] AndroidManifest.xml:5:86-145
145
146        <meta-data
146-->[com.google.android.gms:play-services-basement:18.9.0] AndroidManifest.xml:21:9-23:69
147            android:name="com.google.android.gms.version"
147-->[com.google.android.gms:play-services-basement:18.9.0] AndroidManifest.xml:22:13-58
148            android:value="@integer/google_play_services_version" />
148-->[com.google.android.gms:play-services-basement:18.9.0] AndroidManifest.xml:23:13-66
149
150        <receiver
150-->[androidx.profileinstaller:profileinstaller:1.3.1] AndroidManifest.xml:34:9-52:20
151            android:name="androidx.profileinstaller.ProfileInstallReceiver"
151-->[androidx.profileinstaller:profileinstaller:1.3.1] AndroidManifest.xml:35:13-76
152            android:directBootAware="false"
152-->[androidx.profileinstaller:profileinstaller:1.3.1] AndroidManifest.xml:36:13-44
153            android:enabled="true"
153-->[androidx.profileinstaller:profileinstaller:1.3.1] AndroidManifest.xml:37:13-35
154            android:exported="true"
154-->[androidx.profileinstaller:profileinstaller:1.3.1] AndroidManifest.xml:38:13-36
155            android:permission="android.permission.DUMP" >
155-->[androidx.profileinstaller:profileinstaller:1.3.1] AndroidManifest.xml:39:13-57
156            <intent-filter>
156-->[androidx.profileinstaller:profileinstaller:1.3.1] AndroidManifest.xml:40:13-42:29
157                <action android:name="androidx.profileinstaller.action.INSTALL_PROFILE" />
157-->[androidx.profileinstaller:profileinstaller:1.3.1] AndroidManifest.xml:41:17-91
157-->[androidx.profileinstaller:profileinstaller:1.3.1] AndroidManifest.xml:41:25-88
158            </intent-filter>
159            <intent-filter>
159-->[androidx.profileinstaller:profileinstaller:1.3.1] AndroidManifest.xml:43:13-45:29
160                <action android:name="androidx.profileinstaller.action.SKIP_FILE" />
160-->[androidx.profileinstaller:profileinstaller:1.3.1] AndroidManifest.xml:44:17-85
160-->[androidx.profileinstaller:profileinstaller:1.3.1] AndroidManifest.xml:44:25-82
161            </intent-filter>
162            <intent-filter>
162-->[androidx.profileinstaller:profileinstaller:1.3.1] AndroidManifest.xml:46:13-48:29
163                <action android:name="androidx.profileinstaller.action.SAVE_PROFILE" />
163-->[androidx.profileinstaller:profileinstaller:1.3.1] AndroidManifest.xml:47:17-88
163-->[androidx.profileinstaller:profileinstaller:1.3.1] AndroidManifest.xml:47:25-85
164            </intent-filter>
165            <intent-filter>
165-->[androidx.profileinstaller:profileinstaller:1.3.1] AndroidManifest.xml:49:13-51:29
166                <action android:name="androidx.profileinstaller.action.BENCHMARK_OPERATION" />
166-->[androidx.profileinstaller:profileinstaller:1.3.1] AndroidManifest.xml:50:17-95
166-->[androidx.profileinstaller:profileinstaller:1.3.1] AndroidManifest.xml:50:25-92
167            </intent-filter>
168        </receiver>
169
170        <service
170-->[com.google.android.datatransport:transport-backend-cct:3.1.9] AndroidManifest.xml:28:9-34:19
171            android:name="com.google.android.datatransport.runtime.backends.TransportBackendDiscovery"
171-->[com.google.android.datatransport:transport-backend-cct:3.1.9] AndroidManifest.xml:29:13-103
172            android:exported="false" >
172-->[com.google.android.datatransport:transport-backend-cct:3.1.9] AndroidManifest.xml:30:13-37
173            <meta-data
173-->[com.google.android.datatransport:transport-backend-cct:3.1.9] AndroidManifest.xml:31:13-33:39
174                android:name="backend:com.google.android.datatransport.cct.CctBackendFactory"
174-->[com.google.android.datatransport:transport-backend-cct:3.1.9] AndroidManifest.xml:32:17-94
175                android:value="cct" />
175-->[com.google.android.datatransport:transport-backend-cct:3.1.9] AndroidManifest.xml:33:17-36
176        </service>
177        <service
177-->[com.google.android.datatransport:transport-runtime:3.1.9] AndroidManifest.xml:26:9-30:19
178            android:name="com.google.android.datatransport.runtime.scheduling.jobscheduling.JobInfoSchedulerService"
178-->[com.google.android.datatransport:transport-runtime:3.1.9] AndroidManifest.xml:27:13-117
179            android:exported="false"
179-->[com.google.android.datatransport:transport-runtime:3.1.9] AndroidManifest.xml:28:13-37
180            android:permission="android.permission.BIND_JOB_SERVICE" >
180-->[com.google.android.datatransport:transport-runtime:3.1.9] AndroidManifest.xml:29:13-69
181        </service>
182
183        <receiver
183-->[com.google.android.datatransport:transport-runtime:3.1.9] AndroidManifest.xml:32:9-34:40
184            android:name="com.google.android.datatransport.runtime.scheduling.jobscheduling.AlarmManagerSchedulerBroadcastReceiver"
184-->[com.google.android.datatransport:transport-runtime:3.1.9] AndroidManifest.xml:33:13-132
185            android:exported="false" />
185-->[com.google.android.datatransport:transport-runtime:3.1.9] AndroidManifest.xml:34:13-37
186    </application>
187
188</manifest>